<?xml version="1.0" encoding="UTF-8"?>
<!-- Generated by org.testng.reporters.JUnitReportReporter -->
<testsuite skipped="0" hostname="DY" name="my.so.style" tests="5" failures="0" timestamp="30 жовт. 2018 12:34:28 GMT" time="8.766" errors="0">
  <testcase name="t1_CheckConfigure" time="3.280" classname="my.so.style"/>
  <testcase name="t2_CheckColors" time="1.415" classname="my.so.style"/>
  <testcase name="t4_CheckCommunityTab" time="1.492" classname="my.so.style"/>
  <testcase name="t5_CheckCommunityWidget" time="1.030" classname="my.so.style"/>
  <testcase name="t3_CheckAdSpace" time="1.549" classname="my.so.style"/>
</testsuite> <!-- my.so.style -->
