<?xml version="1.0" encoding="UTF-8"?>
<!-- Generated by org.testng.reporters.JUnitReportReporter -->
<testsuite skipped="0" hostname="DY" name="my.so.moderation" tests="2" failures="1" timestamp="30 жовт. 2018 12:34:28 GMT" time="15.698" errors="0">
  <testcase name="t1_CheckModeration" time="2.939" classname="my.so.moderation"/>
  <testcase name="t2_CheckAddModeration" time="12.759" classname="my.so.moderation">
    <failure type="com.codeborne.selenide.ex.ElementShould" message="Element should be visible {By.id: addModerator}
Element: &#039;&lt;div aria-hidden=&quot;false&quot; aria-labelledby=&quot;addModeratorLabel&quot; class=&quot;modal hide fade allModalStyle modal-add-moderator in&quot; id=&quot;addModerator&quot; role=&quot;dialog&quot; tabindex=&quot;-1&quot;&gt;×
Add a moderator
Email
May change site settings
Send invite Cancel&lt;/div&gt;&#039;">
      <![CDATA[Element should be visible {By.id: addModerator}
Element: '<div aria-hidden="false" aria-labelledby="addModeratorLabel" class="modal hide fade allModalStyle modal-add-moderator in" id="addModerator" role="dialog" tabindex="-1">×
Add a moderator
Email
May change site settings
Send invite Cancel</div>'
Screenshot: file:/home/boss/IdeaProjects/my_so/build/reports/tests/1540902674061.2.png
Page source: file:/home/boss/IdeaProjects/my_so/build/reports/tests/1540902674061.2.html
Timeout: 8 s.
at com.codeborne.selenide.impl.WebElementSource.checkCondition(WebElementSource.java:66)
at com.codeborne.selenide.commands.Should.should(Should.java:35)
at com.codeborne.selenide.commands.Should.execute(Should.java:29)
at com.codeborne.selenide.commands.Should.execute(Should.java:12)
at com.codeborne.selenide.commands.Commands.execute(Commands.java:145)
at com.codeborne.selenide.impl.SelenideElementProxy.dispatchAndRetry(SelenideElementProxy.java:90)
at com.codeborne.selenide.impl.SelenideElementProxy.invoke(SelenideElementProxy.java:65)
at com.sun.proxy.$Proxy13.shouldBe(Unknown Source)
at my.so.moderation.t2_CheckAddModeration(moderation.java:50)
at sun.reflect.NativeMethodAccessorImpl.invoke0(Native Method)
at sun.reflect.NativeMethodAccessorImpl.invoke(NativeMethodAccessorImpl.java:62)
at sun.reflect.DelegatingMethodAccessorImpl.invoke(DelegatingMethodAccessorImpl.java:43)
at java.lang.reflect.Method.invoke(Method.java:498)
at org.testng.internal.MethodInvocationHelper.invokeMethod(MethodInvocationHelper.java:124)
at org.testng.internal.Invoker.invokeMethod(Invoker.java:580)
at org.testng.internal.Invoker.invokeTestMethod(Invoker.java:716)
at org.testng.internal.Invoker.invokeTestMethods(Invoker.java:988)
at org.testng.internal.TestMethodWorker.invokeTestMethods(TestMethodWorker.java:125)
at org.testng.internal.TestMethodWorker.run(TestMethodWorker.java:109)
at org.testng.TestRunner.privateRun(TestRunner.java:648)
at org.testng.TestRunner.run(TestRunner.java:505)
at org.testng.SuiteRunner.runTest(SuiteRunner.java:455)
at org.testng.SuiteRunner.runSequentially(SuiteRunner.java:450)
at org.testng.SuiteRunner.privateRun(SuiteRunner.java:415)
at org.testng.SuiteRunner.run(SuiteRunner.java:364)
at org.testng.SuiteRunnerWorker.runSuite(SuiteRunnerWorker.java:52)
at org.testng.SuiteRunnerWorker.run(SuiteRunnerWorker.java:84)
at org.testng.TestNG.runSuitesSequentially(TestNG.java:1208)
at org.testng.TestNG.runSuitesLocally(TestNG.java:1137)
at org.testng.TestNG.runSuites(TestNG.java:1049)
at org.testng.TestNG.run(TestNG.java:1017)
at org.apache.maven.surefire.testng.TestNGExecutor.run(TestNGExecutor.java:283)
at org.apache.maven.surefire.testng.TestNGXmlTestSuite.execute(TestNGXmlTestSuite.java:75)
at org.apache.maven.surefire.testng.TestNGProvider.invoke(TestNGProvider.java:120)
at org.apache.maven.surefire.booter.ForkedBooter.invokeProviderInSameClassLoader(ForkedBooter.java:384)
at org.apache.maven.surefire.booter.ForkedBooter.runSuitesInProcess(ForkedBooter.java:345)
at org.apache.maven.surefire.booter.ForkedBooter.execute(ForkedBooter.java:126)
at org.apache.maven.surefire.booter.ForkedBooter.main(ForkedBooter.java:418)
]]>
    </failure>
  </testcase> <!-- t2_CheckAddModeration -->
</testsuite> <!-- my.so.moderation -->
