<?xml version="1.0" encoding="UTF-8"?>
<!-- Generated by org.testng.reporters.JUnitReportReporter -->
<testsuite skipped="0" hostname="DY" name="my.so.general" tests="1" failures="0" timestamp="30 жовт. 2018 12:34:28 GMT" time="2.938" errors="0">
  <testcase name="t1_ChangeInfo" time="2.938" classname="my.so.general"/>
</testsuite> <!-- my.so.general -->
