<?xml version="1.0" encoding="UTF-8"?>
<!-- Generated by org.testng.reporters.JUnitReportReporter -->
<testsuite skipped="0" hostname="DY" name="my.so.ranks" tests="3" failures="0" timestamp="30 жовт. 2018 12:34:28 GMT" time="8.168" errors="0">
  <testcase name="t1_SelectTemplate" time="4.187" classname="my.so.ranks"/>
  <testcase name="t2_AddRank" time="2.496" classname="my.so.ranks"/>
  <testcase name="t3_AddCustomRank" time="1.485" classname="my.so.ranks"/>
</testsuite> <!-- my.so.ranks -->
