<?xml version="1.0" encoding="UTF-8"?>
<!-- Generated by org.testng.reporters.JUnitReportReporter -->
<testsuite skipped="0" hostname="DY" name="my.so.revenue" tests="4" failures="0" timestamp="30 жовт. 2018 12:34:28 GMT" time="8.622" errors="0">
  <testcase name="t4_ChangePC" time="3.767" classname="my.so.revenue"/>
  <testcase name="t1_ChangePH" time="2.857" classname="my.so.revenue"/>
  <testcase name="t2_ChangeDHO" time="1.325" classname="my.so.revenue"/>
  <testcase name="t3_ChangePHO" time="0.673" classname="my.so.revenue"/>
</testsuite> <!-- my.so.revenue -->
