<?xml version="1.0" encoding="UTF-8"?>
<!-- Generated by org.testng.reporters.JUnitReportReporter -->
<testsuite skipped="0" hostname="DY" name="my.so.engtsRules" tests="2" failures="0" timestamp="30 жовт. 2018 12:34:28 GMT" time="4.541" errors="0">
  <testcase name="t2_SendCustomTemplate" time="1.552" classname="my.so.engtsRules"/>
  <testcase name="t1_SelectTemplate" time="2.989" classname="my.so.engtsRules"/>
</testsuite> <!-- my.so.engtsRules -->
