<?xml version="1.0" encoding="UTF-8"?>
<!-- Generated by org.testng.reporters.JUnitReportReporter -->
<testsuite skipped="0" hostname="DY" name="ims.SignupPage" tests="1" failures="0" timestamp="30 жовт. 2018 12:34:28 GMT" time="8.192" errors="0">
  <testcase name="t1_SignupInAdmin" time="8.192" classname="ims.SignupPage"/>
</testsuite> <!-- ims.SignupPage -->
