<?xml version="1.0" encoding="UTF-8"?>
<!-- Generated by org.testng.reporters.JUnitReportReporter -->
<testsuite skipped="0" hostname="DY" name="my.so.addnewsite" tests="1" failures="0" timestamp="30 жовт. 2018 12:34:28 GMT" time="3.546" errors="0">
  <testcase name="t1_AddNewSite" time="3.546" classname="my.so.addnewsite"/>
</testsuite> <!-- my.so.addnewsite -->
