<?xml version="1.0" encoding="UTF-8"?>
<!-- Generated by org.testng.reporters.JUnitReportReporter -->
<testsuite skipped="0" hostname="DY" name="my.so.filters" tests="3" failures="0" timestamp="30 жовт. 2018 12:34:28 GMT" time="7.832" errors="0">
  <testcase name="t2_CheckIpDomainSocial" time="1.686" classname="my.so.filters"/>
  <testcase name="t3_CheckBlacklist" time="3.487" classname="my.so.filters"/>
  <testcase name="t1_CheckRestrictedWords" time="2.659" classname="my.so.filters"/>
</testsuite> <!-- my.so.filters -->
